Using pre-set license
Built from '2020.3/staging' branch; Version is '2020.3.11f1 (99c7afb366b3) revision 10078127'; Using compiler version '192528614'; Build Type 'Release'
OS: 'Windows 10 Home; OS build 22000.526; Version 2009; 64bit' Language: 'en' Physical Memory: 16205 MB
BatchMode: 1, IsHumanControllingUs: 0, StartBugReporterOnCrash: 0, Is64bit: 1, IsPro: 0

 COMMAND LINE ARGUMENTS:
D:\Program Files\Unity Versions\2020.3.11f1\Editor\Unity.exe
-adb2
-batchMode
-noUpm
-name
AssetImportWorker0
-projectPath
D:/PersonalProjects/PaperHearts/PaperHearts
-logFile
Logs/AssetImportWorker0.log
-srvPort
56380
Successfully changed project path to: D:/PersonalProjects/PaperHearts/PaperHearts
D:/PersonalProjects/PaperHearts/PaperHearts
Using Asset Import Pipeline V2.
Refreshing native plugins compatible for Editor in 93.27 ms, found 6 plugins.
Preloading 0 native plugins for Editor in 0.00 ms.
Initialize engine version: 2020.3.11f1 (99c7afb366b3)
[Subsystems] Discovering subsystems at path D:/Program Files/Unity Versions/2020.3.11f1/Editor/Data/Resources/UnitySubsystems
[Subsystems] Discovering subsystems at path D:/PersonalProjects/PaperHearts/PaperHearts/Assets
GfxDevice: creating device client; threaded=0
Direct3D:
    Version:  Direct3D 11.0 [level 11.1]
    Renderer: Intel(R) UHD Graphics 620 (ID=0x3ea0)
    Vendor:   
    VRAM:     8102 MB
    Driver:   26.20.100.7926
Initialize mono
Mono path[0] = 'D:/Program Files/Unity Versions/2020.3.11f1/Editor/Data/Managed'
Mono path[1] = 'D:/Program Files/Unity Versions/2020.3.11f1/Editor/Data/MonoBleedingEdge/lib/mono/unityjit'
Mono config path = 'D:/Program Files/Unity Versions/2020.3.11f1/Editor/Data/MonoBleedingEdge/etc'
Using monoOptions --debugger-agent=transport=dt_socket,embedding=1,server=y,suspend=n,address=127.0.0.1:56840
Begin MonoManager ReloadAssembly
Registering precompiled unity dll's ...
Register platform support module: D:/Program Files/Unity Versions/2020.3.11f1/Editor/Data/PlaybackEngines/WebGLSupport/UnityEditor.WebGL.Extensions.dll
Register platform support module: D:/Program Files/Unity Versions/2020.3.11f1/Editor/Data/PlaybackEngines/WindowsStandaloneSupport/UnityEditor.WindowsStandalone.Extensions.dll
Registered in 0.001251 seconds.
Native extension for WindowsStandalone target not found
Native extension for WebGL target not found
Refreshing native plugins compatible for Editor in 57.42 ms, found 6 plugins.
Preloading 0 native plugins for Editor in 0.00 ms.
Mono: successfully reloaded assembly
- Completed reload, in  3.126 seconds
Platform modules already initialized, skipping
Registering precompiled user dll's ...
Registered in 0.010664 seconds.
Begin MonoManager ReloadAssembly
Native extension for WindowsStandalone target not found
Native extension for WebGL target not found
Refreshing native plugins compatible for Editor in 54.11 ms, found 6 plugins.
Preloading 0 native plugins for Editor in 0.00 ms.
Mono: successfully reloaded assembly
- Completed reload, in  1.317 seconds
Platform modules already initialized, skipping
========================================================================
Worker process is ready to serve import requests
Launched and connected shader compiler UnityShaderCompiler.exe after 0.09 seconds
Refreshing native plugins compatible for Editor in 2.12 ms, found 6 plugins.
Preloading 0 native plugins for Editor in 0.00 ms.
Unloading 2185 Unused Serialized files (Serialized files now loaded: 0)
System memory in use before: 97.5 MB.
System memory in use after: 97.5 MB.

Unloading 121 unused Assets to reduce memory usage. Loaded Objects now: 2542.
Total: 4.768000 ms (FindLiveObjects: 0.260900 ms CreateObjectMapping: 0.111100 ms MarkObjects: 4.237200 ms  DeleteObjects: 0.157300 ms)

========================================================================
Received Import Request.
  path: Assets/Avatar/Sheets/matthew_sheet.png
  artifactKey: Guid(b5bbf9dc983138f4e8c63ca025aa27d6) Importer(815301076,1909f56bfc062723c751e8b465ee728b)
Start importing Assets/Avatar/Sheets/matthew_sheet.png using Guid(b5bbf9dc983138f4e8c63ca025aa27d6) Importer(815301076,1909f56bfc062723c751e8b465ee728b)  -> (artifact id: '844b865aec569e18cca1b73938c05992') in 0.251914 seconds
  Import took 0.256561 seconds .

========================================================================
Received Import Request.
  Time since last request: 8.327976 seconds.
  path: Assets/Avatar/Sheets/matthew_sheet.png
  artifactKey: Guid(b5bbf9dc983138f4e8c63ca025aa27d6) Importer(815301076,1909f56bfc062723c751e8b465ee728b)
Start importing Assets/Avatar/Sheets/matthew_sheet.png using Guid(b5bbf9dc983138f4e8c63ca025aa27d6) Importer(815301076,1909f56bfc062723c751e8b465ee728b)  -> (artifact id: '84bd92d047324374afeb46026eb4fdf2') in 0.122880 seconds
  Import took 0.134274 seconds .

========================================================================
Received Import Request.
  Time since last request: 93.796390 seconds.
  path: Assets/Avatar/Sheets/matthew_sheet.png
  artifactKey: Guid(b5bbf9dc983138f4e8c63ca025aa27d6) Importer(815301076,1909f56bfc062723c751e8b465ee728b)
Start importing Assets/Avatar/Sheets/matthew_sheet.png using Guid(b5bbf9dc983138f4e8c63ca025aa27d6) Importer(815301076,1909f56bfc062723c751e8b465ee728b)  -> (artifact id: 'a241be2779773f333ff7530f994792d7') in 0.126567 seconds
  Import took 0.135720 seconds .

========================================================================
Received Import Request.
  Time since last request: 256.543527 seconds.
  path: Assets/Avatar/Sheets/matthew_sheet.png
  artifactKey: Guid(b5bbf9dc983138f4e8c63ca025aa27d6) Importer(815301076,1909f56bfc062723c751e8b465ee728b)
Start importing Assets/Avatar/Sheets/matthew_sheet.png using Guid(b5bbf9dc983138f4e8c63ca025aa27d6) Importer(815301076,1909f56bfc062723c751e8b465ee728b)  -> (artifact id: 'f5e4630b02bea89591058fbbb52e85b5') in 0.147369 seconds
  Import took 0.156998 seconds .

========================================================================
Received Prepare
Registering precompiled user dll's ...
Registered in 0.011679 seconds.
Begin MonoManager ReloadAssembly
Native extension for WindowsStandalone target not found
Native extension for WebGL target not found
Refreshing native plugins compatible for Editor in 1.03 ms, found 6 plugins.
Preloading 0 native plugins for Editor in 0.00 ms.
Mono: successfully reloaded assembly
- Completed reload, in  1.468 seconds
Platform modules already initialized, skipping
Switching build target platform(19) subTarget(0) extendedPlatform(0) -> platform(13) subTarget(537395200) extendedPlatform(0)
Refreshing native plugins compatible for Editor in 1.28 ms, found 6 plugins.
Preloading 0 native plugins for Editor in 0.00 ms.
Unloading 2226 Unused Serialized files (Serialized files now loaded: 0)
System memory in use before: 100.9 MB.
System memory in use after: 100.9 MB.

Unloading 165 unused Assets to reduce memory usage. Loaded Objects now: 2568.
Total: 4.499100 ms (FindLiveObjects: 0.336000 ms CreateObjectMapping: 0.162700 ms MarkObjects: 3.526900 ms  DeleteObjects: 0.471900 ms)

AssetImportParameters requested are different than current active one (requested -> active):
  custom:graphics/normal-map-encoding: 01000000000000000000000000000000 -> 02000000000000000000000000000000
========================================================================
Received Prepare
Registering precompiled user dll's ...
Registered in 0.011052 seconds.
Begin MonoManager ReloadAssembly
Native extension for WindowsStandalone target not found
Native extension for WebGL target not found
Refreshing native plugins compatible for Editor in 1.10 ms, found 6 plugins.
Preloading 0 native plugins for Editor in 0.00 ms.
Mono: successfully reloaded assembly
- Completed reload, in  1.261 seconds
Platform modules already initialized, skipping
Switching build target platform(19) subTarget(0) extendedPlatform(0) -> platform(13) subTarget(537395200) extendedPlatform(0)
Refreshing native plugins compatible for Editor in 2.06 ms, found 6 plugins.
Preloading 0 native plugins for Editor in 0.00 ms.
Unloading 2226 Unused Serialized files (Serialized files now loaded: 0)
System memory in use before: 100.9 MB.
System memory in use after: 101.0 MB.

Unloading 165 unused Assets to reduce memory usage. Loaded Objects now: 2572.
Total: 3.079300 ms (FindLiveObjects: 0.353100 ms CreateObjectMapping: 0.127500 ms MarkObjects: 2.417200 ms  DeleteObjects: 0.180000 ms)

AssetImportParameters requested are different than current active one (requested -> active):
  custom:graphics/normal-map-encoding: 01000000000000000000000000000000 -> 02000000000000000000000000000000
========================================================================
Received Prepare
Registering precompiled user dll's ...
Registered in 0.010545 seconds.
Begin MonoManager ReloadAssembly
Native extension for WindowsStandalone target not found
Native extension for WebGL target not found
Refreshing native plugins compatible for Editor in 1.28 ms, found 6 plugins.
Preloading 0 native plugins for Editor in 0.00 ms.
Mono: successfully reloaded assembly
- Completed reload, in  1.248 seconds
Platform modules already initialized, skipping
Switching build target platform(19) subTarget(0) extendedPlatform(0) -> platform(13) subTarget(537395200) extendedPlatform(0)
Refreshing native plugins compatible for Editor in 1.18 ms, found 6 plugins.
Preloading 0 native plugins for Editor in 0.00 ms.
Unloading 2226 Unused Serialized files (Serialized files now loaded: 0)
System memory in use before: 101.0 MB.
System memory in use after: 101.1 MB.

Unloading 165 unused Assets to reduce memory usage. Loaded Objects now: 2576.
Total: 2.995900 ms (FindLiveObjects: 0.256500 ms CreateObjectMapping: 0.103100 ms MarkObjects: 2.411600 ms  DeleteObjects: 0.223100 ms)

AssetImportParameters requested are different than current active one (requested -> active):
  custom:graphics/normal-map-encoding: 01000000000000000000000000000000 -> 02000000000000000000000000000000
========================================================================
Received Import Request.
  Time since last request: 1373.694406 seconds.
  path: Assets/Scripts/CustomizationUI.cs
  artifactKey: Guid(3d1eb9474996efe4dbbd482d0f9fd01c) Importer(815301076,1909f56bfc062723c751e8b465ee728b)
Start importing Assets/Scripts/CustomizationUI.cs using Guid(3d1eb9474996efe4dbbd482d0f9fd01c) Importer(815301076,1909f56bfc062723c751e8b465ee728b)  -> (artifact id: 'b5c5748fe3ad0ed7c420e4134583708c') in 0.037705 seconds
  Import took 0.042583 seconds .

========================================================================
Received Import Request.
  Time since last request: 1.521371 seconds.
  path: Assets/Scripts/Customization.cs
  artifactKey: Guid(b1e9bc637fafe3148b937dea2aaea862) Importer(815301076,1909f56bfc062723c751e8b465ee728b)
Start importing Assets/Scripts/Customization.cs using Guid(b1e9bc637fafe3148b937dea2aaea862) Importer(815301076,1909f56bfc062723c751e8b465ee728b)  -> (artifact id: '7ada73e6b6c05458aacd05e3ac2a087d') in 0.015602 seconds
  Import took 0.020305 seconds .

========================================================================
Received Import Request.
  Time since last request: 0.000957 seconds.
  path: Assets/Scripts/Customization.cs
  artifactKey: Guid(b1e9bc637fafe3148b937dea2aaea862) Importer(815301076,1909f56bfc062723c751e8b465ee728b)
Start importing Assets/Scripts/Customization.cs using Guid(b1e9bc637fafe3148b937dea2aaea862) Importer(815301076,1909f56bfc062723c751e8b465ee728b)  -> (artifact id: '7ada73e6b6c05458aacd05e3ac2a087d') in 0.007397 seconds
  Import took 0.012557 seconds .

========================================================================
Received Import Request.
  Time since last request: 0.553899 seconds.
  path: Assets/Scripts/InitAvatarFirebase.cs
  artifactKey: Guid(ad25a8ef3f60ade4b99ec3c52f06f5e1) Importer(815301076,1909f56bfc062723c751e8b465ee728b)
Start importing Assets/Scripts/InitAvatarFirebase.cs using Guid(ad25a8ef3f60ade4b99ec3c52f06f5e1) Importer(815301076,1909f56bfc062723c751e8b465ee728b)  -> (artifact id: 'c24b77d886fc19b6b9db0d73a5c50954') in 0.013308 seconds
  Import took 0.021665 seconds .

========================================================================
Received Import Request.
  Time since last request: 0.001907 seconds.
  path: Assets/Scripts/InitAvatarFirebase.cs
  artifactKey: Guid(ad25a8ef3f60ade4b99ec3c52f06f5e1) Importer(815301076,1909f56bfc062723c751e8b465ee728b)
Start importing Assets/Scripts/InitAvatarFirebase.cs using Guid(ad25a8ef3f60ade4b99ec3c52f06f5e1) Importer(815301076,1909f56bfc062723c751e8b465ee728b)  -> (artifact id: 'c24b77d886fc19b6b9db0d73a5c50954') in 0.005869 seconds
  Import took 0.010579 seconds .

========================================================================
Received Prepare
Registering precompiled user dll's ...
Registered in 0.044690 seconds.
Begin MonoManager ReloadAssembly
Native extension for WindowsStandalone target not found
Native extension for WebGL target not found
Refreshing native plugins compatible for Editor in 6.00 ms, found 6 plugins.
Preloading 0 native plugins for Editor in 0.00 ms.
Mono: successfully reloaded assembly
- Completed reload, in  3.422 seconds
Platform modules already initialized, skipping
Switching build target platform(19) subTarget(0) extendedPlatform(0) -> platform(13) subTarget(537395200) extendedPlatform(0)
Refreshing native plugins compatible for Editor in 1.65 ms, found 6 plugins.
Preloading 0 native plugins for Editor in 0.00 ms.
Unloading 2226 Unused Serialized files (Serialized files now loaded: 0)
System memory in use before: 101.0 MB.
System memory in use after: 101.1 MB.

Unloading 165 unused Assets to reduce memory usage. Loaded Objects now: 2580.
Total: 5.174600 ms (FindLiveObjects: 0.375100 ms CreateObjectMapping: 0.206800 ms MarkObjects: 4.341900 ms  DeleteObjects: 0.248500 ms)

AssetImportParameters requested are different than current active one (requested -> active):
  custom:graphics/normal-map-encoding: 01000000000000000000000000000000 -> 02000000000000000000000000000000
========================================================================
Received Prepare
Registering precompiled user dll's ...
Registered in 0.028091 seconds.
Begin MonoManager ReloadAssembly
Native extension for WindowsStandalone target not found
Native extension for WebGL target not found
Refreshing native plugins compatible for Editor in 2.98 ms, found 6 plugins.
Preloading 0 native plugins for Editor in 0.00 ms.
Mono: successfully reloaded assembly
- Completed reload, in  3.020 seconds
Platform modules already initialized, skipping
Switching build target platform(19) subTarget(0) extendedPlatform(0) -> platform(13) subTarget(537395200) extendedPlatform(0)
Refreshing native plugins compatible for Editor in 3.43 ms, found 6 plugins.
Preloading 0 native plugins for Editor in 0.00 ms.
Unloading 2226 Unused Serialized files (Serialized files now loaded: 0)
System memory in use before: 101.0 MB.
System memory in use after: 101.1 MB.

Unloading 165 unused Assets to reduce memory usage. Loaded Objects now: 2584.
Total: 8.863500 ms (FindLiveObjects: 0.516200 ms CreateObjectMapping: 0.399800 ms MarkObjects: 7.477100 ms  DeleteObjects: 0.467100 ms)

AssetImportParameters requested are different than current active one (requested -> active):
  custom:graphics/normal-map-encoding: 01000000000000000000000000000000 -> 02000000000000000000000000000000
========================================================================
Received Prepare
Registering precompiled user dll's ...
Registered in 0.021243 seconds.
Begin MonoManager ReloadAssembly
Native extension for WindowsStandalone target not found
Native extension for WebGL target not found
Refreshing native plugins compatible for Editor in 2.52 ms, found 6 plugins.
Preloading 0 native plugins for Editor in 0.00 ms.
Mono: successfully reloaded assembly
- Completed reload, in  2.931 seconds
Platform modules already initialized, skipping
Switching build target platform(19) subTarget(0) extendedPlatform(0) -> platform(13) subTarget(537395200) extendedPlatform(0)
Refreshing native plugins compatible for Editor in 2.62 ms, found 6 plugins.
Preloading 0 native plugins for Editor in 0.00 ms.
Unloading 2226 Unused Serialized files (Serialized files now loaded: 0)
System memory in use before: 101.1 MB.
System memory in use after: 101.2 MB.

Unloading 165 unused Assets to reduce memory usage. Loaded Objects now: 2588.
Total: 5.039700 ms (FindLiveObjects: 0.632700 ms CreateObjectMapping: 0.216400 ms MarkObjects: 3.847400 ms  DeleteObjects: 0.338800 ms)

AssetImportParameters requested are different than current active one (requested -> active):
  custom:graphics/normal-map-encoding: 01000000000000000000000000000000 -> 02000000000000000000000000000000
========================================================================
Received Prepare
Registering precompiled user dll's ...
Registered in 0.048546 seconds.
Begin MonoManager ReloadAssembly
Native extension for WindowsStandalone target not found
Native extension for WebGL target not found
Refreshing native plugins compatible for Editor in 2.52 ms, found 6 plugins.
Preloading 0 native plugins for Editor in 0.00 ms.
Mono: successfully reloaded assembly
- Completed reload, in  3.189 seconds
Platform modules already initialized, skipping
Switching build target platform(19) subTarget(0) extendedPlatform(0) -> platform(13) subTarget(537395200) extendedPlatform(0)
Refreshing native plugins compatible for Editor in 2.79 ms, found 6 plugins.
Preloading 0 native plugins for Editor in 0.00 ms.
Unloading 2226 Unused Serialized files (Serialized files now loaded: 0)
System memory in use before: 101.1 MB.
System memory in use after: 101.2 MB.

Unloading 165 unused Assets to reduce memory usage. Loaded Objects now: 2592.
Total: 5.791900 ms (FindLiveObjects: 0.384700 ms CreateObjectMapping: 0.463200 ms MarkObjects: 4.606000 ms  DeleteObjects: 0.335600 ms)

AssetImportParameters requested are different than current active one (requested -> active):
  custom:graphics/normal-map-encoding: 01000000000000000000000000000000 -> 02000000000000000000000000000000
========================================================================
Received Prepare
Registering precompiled user dll's ...
Registered in 0.015936 seconds.
Begin MonoManager ReloadAssembly
Native extension for WindowsStandalone target not found
Native extension for WebGL target not found
Refreshing native plugins compatible for Editor in 1.21 ms, found 6 plugins.
Preloading 0 native plugins for Editor in 0.00 ms.
Mono: successfully reloaded assembly
- Completed reload, in  1.966 seconds
Platform modules already initialized, skipping
Switching build target platform(19) subTarget(0) extendedPlatform(0) -> platform(13) subTarget(537395200) extendedPlatform(0)
Refreshing native plugins compatible for Editor in 1.26 ms, found 6 plugins.
Preloading 0 native plugins for Editor in 0.00 ms.
Unloading 2226 Unused Serialized files (Serialized files now loaded: 0)
System memory in use before: 101.1 MB.
System memory in use after: 101.2 MB.

Unloading 165 unused Assets to reduce memory usage. Loaded Objects now: 2596.
Total: 5.875900 ms (FindLiveObjects: 0.564000 ms CreateObjectMapping: 0.299300 ms MarkObjects: 4.758800 ms  DeleteObjects: 0.250400 ms)

AssetImportParameters requested are different than current active one (requested -> active):
  custom:graphics/normal-map-encoding: 01000000000000000000000000000000 -> 02000000000000000000000000000000
========================================================================
Received Prepare
Registering precompiled user dll's ...
Registered in 0.020030 seconds.
Begin MonoManager ReloadAssembly
Native extension for WindowsStandalone target not found
Native extension for WebGL target not found
Refreshing native plugins compatible for Editor in 1.46 ms, found 6 plugins.
Preloading 0 native plugins for Editor in 0.00 ms.
Mono: successfully reloaded assembly
- Completed reload, in  1.890 seconds
Platform modules already initialized, skipping
Switching build target platform(19) subTarget(0) extendedPlatform(0) -> platform(13) subTarget(537395200) extendedPlatform(0)
Refreshing native plugins compatible for Editor in 1.58 ms, found 6 plugins.
Preloading 0 native plugins for Editor in 0.00 ms.
Unloading 2226 Unused Serialized files (Serialized files now loaded: 0)
System memory in use before: 101.1 MB.
System memory in use after: 101.2 MB.

Unloading 165 unused Assets to reduce memory usage. Loaded Objects now: 2600.
Total: 4.454500 ms (FindLiveObjects: 0.488100 ms CreateObjectMapping: 0.148400 ms MarkObjects: 3.592200 ms  DeleteObjects: 0.223600 ms)

AssetImportParameters requested are different than current active one (requested -> active):
  custom:graphics/normal-map-encoding: 01000000000000000000000000000000 -> 02000000000000000000000000000000
========================================================================
Received Prepare
Refreshing native plugins compatible for Editor in 63.33 ms, found 6 plugins.
Preloading 0 native plugins for Editor in 0.00 ms.
Unloading 107 Unused Serialized files (Serialized files now loaded: 0)
System memory in use before: 59.0 MB.
System memory in use after: 59.0 MB.

Unloading 107 unused Assets to reduce memory usage. Loaded Objects now: 2600.
Total: 7.300400 ms (FindLiveObjects: 0.603000 ms CreateObjectMapping: 0.273700 ms MarkObjects: 6.047400 ms  DeleteObjects: 0.373600 ms)

========================================================================
Received Prepare
Registering precompiled user dll's ...
Registered in 0.014583 seconds.
Begin MonoManager ReloadAssembly
Native extension for WindowsStandalone target not found
Native extension for WebGL target not found
Refreshing native plugins compatible for Editor in 1.27 ms, found 6 plugins.
Preloading 0 native plugins for Editor in 0.00 ms.
Mono: successfully reloaded assembly
- Completed reload, in  1.469 seconds
Platform modules already initialized, skipping
Switching build target platform(19) subTarget(0) extendedPlatform(0) -> platform(13) subTarget(537395200) extendedPlatform(0)
Refreshing native plugins compatible for Editor in 1.39 ms, found 6 plugins.
Preloading 0 native plugins for Editor in 0.00 ms.
Unloading 2226 Unused Serialized files (Serialized files now loaded: 0)
System memory in use before: 101.2 MB.
System memory in use after: 101.2 MB.

Unloading 165 unused Assets to reduce memory usage. Loaded Objects now: 2604.
Total: 3.741700 ms (FindLiveObjects: 0.408200 ms CreateObjectMapping: 0.127700 ms MarkObjects: 2.963700 ms  DeleteObjects: 0.240600 ms)

AssetImportParameters requested are different than current active one (requested -> active):
  custom:graphics/normal-map-encoding: 01000000000000000000000000000000 -> 02000000000000000000000000000000
========================================================================
Received Prepare
Registering precompiled user dll's ...
Registered in 0.012795 seconds.
Begin MonoManager ReloadAssembly
Native extension for WindowsStandalone target not found
Native extension for WebGL target not found
Refreshing native plugins compatible for Editor in 1.37 ms, found 6 plugins.
Preloading 0 native plugins for Editor in 0.00 ms.
Mono: successfully reloaded assembly
- Completed reload, in  1.469 seconds
Platform modules already initialized, skipping
Switching build target platform(19) subTarget(0) extendedPlatform(0) -> platform(13) subTarget(537395200) extendedPlatform(0)
Refreshing native plugins compatible for Editor in 1.23 ms, found 6 plugins.
Preloading 0 native plugins for Editor in 0.00 ms.
Unloading 2226 Unused Serialized files (Serialized files now loaded: 0)
System memory in use before: 101.2 MB.
System memory in use after: 101.2 MB.

Unloading 165 unused Assets to reduce memory usage. Loaded Objects now: 2608.
Total: 4.400500 ms (FindLiveObjects: 0.376200 ms CreateObjectMapping: 0.122300 ms MarkObjects: 3.491700 ms  DeleteObjects: 0.408800 ms)

AssetImportParameters requested are different than current active one (requested -> active):
  custom:graphics/normal-map-encoding: 01000000000000000000000000000000 -> 02000000000000000000000000000000
========================================================================
Received Prepare
Registering precompiled user dll's ...
Registered in 0.014126 seconds.
Begin MonoManager ReloadAssembly
Native extension for WindowsStandalone target not found
Native extension for WebGL target not found
Refreshing native plugins compatible for Editor in 1.34 ms, found 6 plugins.
Preloading 0 native plugins for Editor in 0.00 ms.
Mono: successfully reloaded assembly
- Completed reload, in  1.584 seconds
Platform modules already initialized, skipping
Switching build target platform(19) subTarget(0) extendedPlatform(0) -> platform(13) subTarget(537395200) extendedPlatform(0)
Refreshing native plugins compatible for Editor in 1.21 ms, found 6 plugins.
Preloading 0 native plugins for Editor in 0.00 ms.
Unloading 2226 Unused Serialized files (Serialized files now loaded: 0)
System memory in use before: 101.2 MB.
System memory in use after: 101.3 MB.

Unloading 165 unused Assets to reduce memory usage. Loaded Objects now: 2612.
Total: 3.428400 ms (FindLiveObjects: 0.274700 ms CreateObjectMapping: 0.102400 ms MarkObjects: 2.857900 ms  DeleteObjects: 0.191600 ms)

AssetImportParameters requested are different than current active one (requested -> active):
  custom:graphics/normal-map-encoding: 01000000000000000000000000000000 -> 02000000000000000000000000000000
========================================================================
Received Prepare
Registering precompiled user dll's ...
Registered in 0.014844 seconds.
Begin MonoManager ReloadAssembly
Native extension for WindowsStandalone target not found
Native extension for WebGL target not found
Refreshing native plugins compatible for Editor in 1.26 ms, found 6 plugins.
Preloading 0 native plugins for Editor in 0.00 ms.
Mono: successfully reloaded assembly
- Completed reload, in  2.167 seconds
Platform modules already initialized, skipping
Switching build target platform(19) subTarget(0) extendedPlatform(0) -> platform(13) subTarget(537395200) extendedPlatform(0)
Refreshing native plugins compatible for Editor in 1.74 ms, found 6 plugins.
Preloading 0 native plugins for Editor in 0.00 ms.
Unloading 2226 Unused Serialized files (Serialized files now loaded: 0)
System memory in use before: 101.2 MB.
System memory in use after: 101.3 MB.

Unloading 165 unused Assets to reduce memory usage. Loaded Objects now: 2616.
Total: 5.252300 ms (FindLiveObjects: 0.464100 ms CreateObjectMapping: 0.205200 ms MarkObjects: 4.205300 ms  DeleteObjects: 0.374600 ms)

AssetImportParameters requested are different than current active one (requested -> active):
  custom:graphics/normal-map-encoding: 01000000000000000000000000000000 -> 02000000000000000000000000000000
========================================================================
Received Prepare
Refreshing native plugins compatible for Editor in 28.72 ms, found 6 plugins.
Preloading 0 native plugins for Editor in 0.00 ms.
Unloading 107 Unused Serialized files (Serialized files now loaded: 0)
System memory in use before: 59.1 MB.
System memory in use after: 59.1 MB.

Unloading 107 unused Assets to reduce memory usage. Loaded Objects now: 2616.
Total: 3.837800 ms (FindLiveObjects: 0.369800 ms CreateObjectMapping: 0.151600 ms MarkObjects: 3.106500 ms  DeleteObjects: 0.207600 ms)

AssetImportWorkerClient::OnTransportError - code=2 error=End of file
