Using pre-set license
Built from '2020.3/staging' branch; Version is '2020.3.11f1 (99c7afb366b3) revision 10078127'; Using compiler version '192528614'; Build Type 'Release'
OS: 'Windows 10 Home; OS build 22000.466; Version 2009; 64bit' Language: 'en' Physical Memory: 16205 MB
BatchMode: 1, IsHumanControllingUs: 0, StartBugReporterOnCrash: 0, Is64bit: 1, IsPro: 0

 COMMAND LINE ARGUMENTS:
D:\Program Files\Unity Versions\2020.3.11f1\Editor\Unity.exe
-adb2
-batchMode
-noUpm
-name
AssetImportWorker0
-projectPath
D:/PersonalProjects/PaperHearts/PaperHearts
-logFile
Logs/AssetImportWorker0.log
-srvPort
57816
Successfully changed project path to: D:/PersonalProjects/PaperHearts/PaperHearts
D:/PersonalProjects/PaperHearts/PaperHearts
Using Asset Import Pipeline V2.
Refreshing native plugins compatible for Editor in 96.29 ms, found 6 plugins.
Preloading 0 native plugins for Editor in 0.00 ms.
Initialize engine version: 2020.3.11f1 (99c7afb366b3)
[Subsystems] Discovering subsystems at path D:/Program Files/Unity Versions/2020.3.11f1/Editor/Data/Resources/UnitySubsystems
[Subsystems] Discovering subsystems at path D:/PersonalProjects/PaperHearts/PaperHearts/Assets
GfxDevice: creating device client; threaded=0
Direct3D:
    Version:  Direct3D 11.0 [level 11.1]
    Renderer: Intel(R) UHD Graphics 620 (ID=0x3ea0)
    Vendor:   
    VRAM:     8102 MB
    Driver:   26.20.100.7926
Initialize mono
Mono path[0] = 'D:/Program Files/Unity Versions/2020.3.11f1/Editor/Data/Managed'
Mono path[1] = 'D:/Program Files/Unity Versions/2020.3.11f1/Editor/Data/MonoBleedingEdge/lib/mono/unityjit'
Mono config path = 'D:/Program Files/Unity Versions/2020.3.11f1/Editor/Data/MonoBleedingEdge/etc'
Using monoOptions --debugger-agent=transport=dt_socket,embedding=1,server=y,suspend=n,address=127.0.0.1:56840
Begin MonoManager ReloadAssembly
Registering precompiled unity dll's ...
Register platform support module: D:/Program Files/Unity Versions/2020.3.11f1/Editor/Data/PlaybackEngines/WebGLSupport/UnityEditor.WebGL.Extensions.dll
Register platform support module: D:/Program Files/Unity Versions/2020.3.11f1/Editor/Data/PlaybackEngines/WindowsStandaloneSupport/UnityEditor.WindowsStandalone.Extensions.dll
Registered in 0.001625 seconds.
Native extension for WindowsStandalone target not found
Native extension for WebGL target not found
Refreshing native plugins compatible for Editor in 62.76 ms, found 6 plugins.
Preloading 0 native plugins for Editor in 0.00 ms.
Mono: successfully reloaded assembly
- Completed reload, in  3.287 seconds
Platform modules already initialized, skipping
Registering precompiled user dll's ...
Registered in 0.016019 seconds.
Begin MonoManager ReloadAssembly
Native extension for WindowsStandalone target not found
Native extension for WebGL target not found
Refreshing native plugins compatible for Editor in 61.32 ms, found 6 plugins.
Preloading 0 native plugins for Editor in 0.00 ms.
Mono: successfully reloaded assembly
- Completed reload, in  1.704 seconds
Platform modules already initialized, skipping
========================================================================
Worker process is ready to serve import requests
Launched and connected shader compiler UnityShaderCompiler.exe after 0.10 seconds
Refreshing native plugins compatible for Editor in 1.96 ms, found 6 plugins.
Preloading 0 native plugins for Editor in 0.00 ms.
Unloading 2185 Unused Serialized files (Serialized files now loaded: 0)
System memory in use before: 97.5 MB.
System memory in use after: 97.5 MB.

Unloading 121 unused Assets to reduce memory usage. Loaded Objects now: 2542.
Total: 6.659200 ms (FindLiveObjects: 0.494100 ms CreateObjectMapping: 0.212300 ms MarkObjects: 5.459300 ms  DeleteObjects: 0.490100 ms)

========================================================================
Received Import Request.
  path: Assets/UI/Avatar-logo-items-1.png
  artifactKey: Guid(2a2331c75a46a284f9b7e25e2d880eac) Importer(815301076,1909f56bfc062723c751e8b465ee728b)
Start importing Assets/UI/Avatar-logo-items-1.png using Guid(2a2331c75a46a284f9b7e25e2d880eac) Importer(815301076,1909f56bfc062723c751e8b465ee728b)  -> (artifact id: '2ab96f5cbf4682d08e37963784e64564') in 0.338687 seconds
  Import took 0.345721 seconds .

========================================================================
Received Import Request.
  Time since last request: 3.793866 seconds.
  path: Assets/Fonts/AYearWithoutRain SDF.asset
  artifactKey: Guid(840de66c8481d3c41af09a49ff9a1f88) Importer(815301076,1909f56bfc062723c751e8b465ee728b)
Start importing Assets/Fonts/AYearWithoutRain SDF.asset using Guid(840de66c8481d3c41af09a49ff9a1f88) Importer(815301076,1909f56bfc062723c751e8b465ee728b)  -> (artifact id: '709a055222fa5e189dd4094c0c576aa6') in 0.344317 seconds
  Import took 0.358342 seconds .

========================================================================
Received Import Request.
  Time since last request: 6.434249 seconds.
  path: Assets/Fonts/Affectionately Yours - TTF SDF.asset
  artifactKey: Guid(48cc928f78424124cbd9101d58202d03) Importer(815301076,1909f56bfc062723c751e8b465ee728b)
Start importing Assets/Fonts/Affectionately Yours - TTF SDF.asset using Guid(48cc928f78424124cbd9101d58202d03) Importer(815301076,1909f56bfc062723c751e8b465ee728b)  -> (artifact id: 'f58ce5d2a6474da4da467ce569323488') in 0.160286 seconds
  Import took 0.186786 seconds .

========================================================================
Received Import Request.
  Time since last request: 0.000366 seconds.
  path: Assets/Fonts/BubblegumSans-Regular SDF.asset
  artifactKey: Guid(d25c4cf5b92f63d439149d36d9f8bf66) Importer(815301076,1909f56bfc062723c751e8b465ee728b)
Start importing Assets/Fonts/BubblegumSans-Regular SDF.asset using Guid(d25c4cf5b92f63d439149d36d9f8bf66) Importer(815301076,1909f56bfc062723c751e8b465ee728b)  -> (artifact id: '2e458c65d8f841b80fa379ecb69edc78') in 0.126788 seconds
  Import took 0.140396 seconds .

========================================================================
Received Import Request.
  Time since last request: 0.000586 seconds.
  path: Assets/Fonts/Affectionately Yours - TTF SDF.asset
  artifactKey: Guid(48cc928f78424124cbd9101d58202d03) Importer(815301076,1909f56bfc062723c751e8b465ee728b)
Start importing Assets/Fonts/Affectionately Yours - TTF SDF.asset using Guid(48cc928f78424124cbd9101d58202d03) Importer(815301076,1909f56bfc062723c751e8b465ee728b)  -> (artifact id: 'f58ce5d2a6474da4da467ce569323488') in 0.085118 seconds
  Import took 0.104571 seconds .

========================================================================
Received Import Request.
  Time since last request: 0.000449 seconds.
  path: Assets/TextMesh Pro/Resources/Fonts & Materials/LiberationSans SDF - Fallback.asset
  artifactKey: Guid(2e498d1c8094910479dc3e1b768306a4) Importer(815301076,1909f56bfc062723c751e8b465ee728b)
Start importing Assets/TextMesh Pro/Resources/Fonts & Materials/LiberationSans SDF - Fallback.asset using Guid(2e498d1c8094910479dc3e1b768306a4) Importer(815301076,1909f56bfc062723c751e8b465ee728b)  -> (artifact id: '3d7a71279793b3d1cb14ee9787e257e4') in 0.085710 seconds
  Import took 0.096180 seconds .

========================================================================
Received Import Request.
  Time since last request: 100.249395 seconds.
  path: Assets/UI/Avatar-logo-items-1x1.png
  artifactKey: Guid(b3245cc680f597e4a85608ec0a3ad172) Importer(815301076,1909f56bfc062723c751e8b465ee728b)
Start importing Assets/UI/Avatar-logo-items-1x1.png using Guid(b3245cc680f597e4a85608ec0a3ad172) Importer(815301076,1909f56bfc062723c751e8b465ee728b)  -> (artifact id: 'd69ea803c9695a5c59ebbfce490edd9e') in 0.049189 seconds
  Import took 0.063628 seconds .

========================================================================
Received Prepare
Refreshing native plugins compatible for Editor in 36.28 ms, found 6 plugins.
Preloading 0 native plugins for Editor in 0.00 ms.
Unloading 107 Unused Serialized files (Serialized files now loaded: 0)
System memory in use before: 59.4 MB.
System memory in use after: 59.4 MB.

Unloading 107 unused Assets to reduce memory usage. Loaded Objects now: 2589.
Total: 10.440100 ms (FindLiveObjects: 0.472800 ms CreateObjectMapping: 0.210600 ms MarkObjects: 9.534900 ms  DeleteObjects: 0.219400 ms)

AssetImportWorkerClient::OnTransportError - code=2 error=End of file
